# JRE version: OpenJDK Runtime Environment Temurin-17.0.9+9 (17.0.9+9) (build 17.0.9+9)
# Java VM: OpenJDK 64-Bit Server VM Temurin-17.0.9+9 (17.0.9+9, mixed mode, emulated-client, tiered, compressed oops, compressed class ptrs, g1 gc, windows-amd64)
GC Precious Log:
 CPUs: 4 total, 4 available
 Memory: 3959M
 Large Page Support: Disabled
 NUMA Support: Disabled
 Compressed Oops: Enabled (32-bit)
 Heap Region Size: 1M
 Heap Min Capacity: 8M
 Heap Initial Capacity: 62M
 Heap Max Capacity: 1G
 Pre-touch: Disabled
 Parallel Workers: 4
 Concurrent Workers: 1
 Concurrent Refinement Workers: 4
 Periodic GC: Disabled
Heap:
 garbage-first heap   total 89088K, used 30192K [0x00000000c0000000, 0x0000000100000000)
  region size 1024K, 1 young (1024K), 0 survivors (0K)
 Metaspace       used 57989K, committed 58368K, reserved 1114112K
  class space    used 7185K, committed 7360K, reserved 1048576K
GC Heap History (20 events):
Event: 260.893 GC heap before
{Heap before GC invocations=42 (full 10):
 garbage-first heap   total 89088K, used 25681K [0x00000000c0000000, 0x0000000100000000)
  region size 1024K, 1 young (1024K), 0 survivors (0K)
 Metaspace       used 57953K, committed 58368K, reserved 1114112K
  class space    used 7179K, committed 7360K, reserved 1048576K
}
Event: 260.949 GC heap after
{Heap after GC invocations=43 (full 11):
 garbage-first heap   total 89088K, used 25306K [0x00000000c0000000, 0x0000000100000000)
  region size 1024K, 0 young (0K), 0 survivors (0K)
 Metaspace       used 57948K, committed 58368K, reserved 1114112K
  class space    used 7177K, committed 7360K, reserved 1048576K
}
Event: 271.121 GC heap before
{Heap before GC invocations=43 (full 11):
 garbage-first heap   total 89088K, used 25306K [0x00000000c0000000, 0x0000000100000000)
  region size 1024K, 1 young (1024K), 0 survivors (0K)
 Metaspace       used 57948K, committed 58368K, reserved 1114112K
  class space    used 7177K, committed 7360K, reserved 1048576K
}
Event: 271.176 GC heap after
{Heap after GC invocations=44 (full 12):
 garbage-first heap   total 89088K, used 25306K [0x00000000c0000000, 0x0000000100000000)
  region size 1024K, 0 young (0K), 0 survivors (0K)
 Metaspace       used 57948K, committed 58368K, reserved 1114112K
  class space    used 7177K, committed 7360K, reserved 1048576K
}
Event: 281.339 GC heap before
{Heap before GC invocations=44 (full 12):
 garbage-first heap   total 89088K, used 25306K [0x00000000c0000000, 0x0000000100000000)
  region size 1024K, 1 young (1024K), 0 survivors (0K)
 Metaspace       used 57948K, committed 58368K, reserved 1114112K
  class space    used 7177K, committed 7360K, reserved 1048576K
}
Event: 281.383 GC heap after
{Heap after GC invocations=45 (full 13):
 garbage-first heap   total 89088K, used 25306K [0x00000000c0000000, 0x0000000100000000)
  region size 1024K, 0 young (0K), 0 survivors (0K)
 Metaspace       used 57948K, committed 58368K, reserved 1114112K
  class space    used 7177K, committed 7360K, reserved 1048576K
}
Event: 291.564 GC heap before
{Heap before GC invocations=45 (full 13):
 garbage-first heap   total 89088K, used 25306K [0x00000000c0000000, 0x0000000100000000)
  region size 1024K, 1 young (1024K), 0 survivors (0K)
 Metaspace       used 57948K, committed 58368K, reserved 1114112K
  class space    used 7177K, committed 7360K, reserved 1048576K
}
Event: 291.612 GC heap after
{Heap after GC invocations=46 (full 14):
 garbage-first heap   total 89088K, used 25306K [0x00000000c0000000, 0x0000000100000000)
  region size 1024K, 0 young (0K), 0 survivors (0K)
 Metaspace       used 57948K, committed 58368K, reserved 1114112K
  class space    used 7177K, committed 7360K, reserved 1048576K
}
Event: 301.798 GC heap before
{Heap before GC invocations=46 (full 14):
 garbage-first heap   total 89088K, used 25306K [0x00000000c0000000, 0x0000000100000000)
  region size 1024K, 1 young (1024K), 0 survivors (0K)
 Metaspace       used 57948K, committed 58368K, reserved 1114112K
  class space    used 7177K, committed 7360K, reserved 1048576K
}
Event: 301.855 GC heap after
{Heap after GC invocations=47 (full 15):
 garbage-first heap   total 89088K, used 25306K [0x00000000c0000000, 0x0000000100000000)
  region size 1024K, 0 young (0K), 0 survivors (0K)
 Metaspace       used 57948K, committed 58368K, reserved 1114112K
  class space    used 7177K, committed 7360K, reserved 1048576K
}
Event: 302.535 GC heap before
{Heap before GC invocations=47 (full 15):
 garbage-first heap   total 89088K, used 27354K [0x00000000c0000000, 0x0000000100000000)
  region size 1024K, 4 young (4096K), 0 survivors (0K)
 Metaspace       used 57948K, committed 58368K, reserved 1114112K
  class space    used 7177K, committed 7360K, reserved 1048576K
}
Event: 302.537 GC heap after
{Heap after GC invocations=48 (full 15):
 garbage-first heap   total 89088K, used 29028K [0x00000000c0000000, 0x0000000100000000)
  region size 1024K, 4 young (4096K), 4 survivors (4096K)
 Metaspace       used 57948K, committed 58368K, reserved 1114112K
  class space    used 7177K, committed 7360K, reserved 1048576K
}
Event: 342.284 GC heap before
{Heap before GC invocations=49 (full 15):
 garbage-first heap   total 89088K, used 43364K [0x00000000c0000000, 0x0000000100000000)
  region size 1024K, 18 young (18432K), 4 survivors (4096K)
 Metaspace       used 57989K, committed 58368K, reserved 1114112K
  class space    used 7185K, committed 7360K, reserved 1048576K
}
Event: 342.343 GC heap after
{Heap after GC invocations=50 (full 16):
 garbage-first heap   total 89088K, used 31216K [0x00000000c0000000, 0x0000000100000000)
  region size 1024K, 0 young (0K), 0 survivors (0K)
 Metaspace       used 57989K, committed 58368K, reserved 1114112K
  class space    used 7185K, committed 7360K, reserved 1048576K
}
Event: 352.622 GC heap before
{Heap before GC invocations=50 (full 16):
 garbage-first heap   total 89088K, used 31216K [0x00000000c0000000, 0x0000000100000000)
  region size 1024K, 1 young (1024K), 0 survivors (0K)
 Metaspace       used 57989K, committed 58368K, reserved 1114112K
  class space    used 7185K, committed 7360K, reserved 1048576K
}
Event: 352.682 GC heap after
{Heap after GC invocations=51 (full 17):
 garbage-first heap   total 89088K, used 30197K [0x00000000c0000000, 0x0000000100000000)
  region size 1024K, 0 young (0K), 0 survivors (0K)
 Metaspace       used 57989K, committed 58368K, reserved 1114112K
  class space    used 7185K, committed 7360K, reserved 1048576K
}
Event: 362.994 GC heap before
{Heap before GC invocations=51 (full 17):
 garbage-first heap   total 89088K, used 30197K [0x00000000c0000000, 0x0000000100000000)
  region size 1024K, 1 young (1024K), 0 survivors (0K)
 Metaspace       used 57989K, committed 58368K, reserved 1114112K
  class space    used 7185K, committed 7360K, reserved 1048576K
}
Event: 363.051 GC heap after
{Heap after GC invocations=52 (full 18):
 garbage-first heap   total 89088K, used 30197K [0x00000000c0000000, 0x0000000100000000)
  region size 1024K, 0 young (0K), 0 survivors (0K)
 Metaspace       used 57989K, committed 58368K, reserved 1114112K
  class space    used 7185K, committed 7360K, reserved 1048576K
}
Event: 373.305 GC heap before
{Heap before GC invocations=52 (full 18):
 garbage-first heap   total 89088K, used 30197K [0x00000000c0000000, 0x0000000100000000)
  region size 1024K, 1 young (1024K), 0 survivors (0K)
 Metaspace       used 57989K, committed 58368K, reserved 1114112K
  class space    used 7185K, committed 7360K, reserved 1048576K
}
Event: 373.363 GC heap after
{Heap after GC invocations=53 (full 19):
 garbage-first heap   total 89088K, used 30192K [0x00000000c0000000, 0x0000000100000000)
  region size 1024K, 0 young (0K), 0 survivors (0K)
 Metaspace       used 57989K, committed 58368K, reserved 1114112K
  class space    used 7185K, committed 7360K, reserved 1048576K
}

